<?xml version="1.0" encoding="UTF-8"?>
<!-- Generated by org.testng.reporters.JUnitXMLReporter -->
<testsuite ignored="0" hostname="Naveenkumarhp" failures="0" tests="5" name="Default test" time="28.556" errors="0" timestamp="2023-04-03T17:01:46 IST">
  <testcase classname="com.hrms.testscripts.Tc_002" name="tc001" time="6.046"/>
  <testcase classname="com.hrms.testscripts.Tc_002" name="tc002" time="4.576"/>
  <testcase classname="com.hrms.testscripts.Tc_001" name="tc002" time="3.67"/>
  <testcase classname="com.hrms.testscripts.Tc_001" name="tc003" time="8.972"/>
  <testcase classname="com.hrms.testscripts.Tc_001" name="tc004" time="1.272"/>
</testsuite> <!-- Default test -->
