<?xml version="1.0" encoding="UTF-8"?>
<!-- Generated by org.testng.reporters.JUnitXMLReporter -->
<testsuite ignored="0" hostname="Naveenkumarhp" failures="0" tests="5" name="Tc_001" time="30.838" errors="0" timestamp="2023-04-01T23:31:08 IST">
  <testcase classname="com.hrms.testscripts.Tc_001" name="tc002" time="3.772"/>
  <testcase classname="com.hrms.testscripts.Tc_001" name="tc003" time="9.088"/>
  <testcase classname="com.hrms.testscripts.Tc_001" name="tc004" time="1.347"/>
  <testcase classname="com.hrms.testscripts.Tc_002" name="tc001" time="5.586"/>
  <testcase classname="com.hrms.testscripts.Tc_002" name="tc005" time="4.702"/>
</testsuite> <!-- Tc_001 -->
